<?xml version="1.0" encoding="UTF-8"?>
<testng-results skipped="0" failed="0" total="1" passed="1">
  <reporter-output>
  </reporter-output>
  <suite name="Default suite" duration-ms="20033" started-at="2016-04-19T12:52:59Z" finished-at="2016-04-19T12:53:19Z">
    <groups>
    </groups>
    <test name="Default test" duration-ms="20033" started-at="2016-04-19T12:52:59Z" finished-at="2016-04-19T12:53:19Z">
      <class name="com.bikash.google.GoogleHomePage">
        <test-method status="PASS" signature="beforeTest()[pri:0, instance:com.bikash.google.GoogleHomePage@5f375618]" name="beforeTest" is-config="true" duration-ms="11110" started-at="2016-04-19T22:52:59Z" finished-at="2016-04-19T22:53:10Z">
          <reporter-output>
          </reporter-output>
        </test-method> <!-- beforeTest -->
        <test-method status="PASS" signature="googleHome()[pri:0, instance:com.bikash.google.GoogleHomePage@5f375618]" name="googleHome" duration-ms="7862" started-at="2016-04-19T22:53:10Z" finished-at="2016-04-19T22:53:18Z">
          <reporter-output>
          </reporter-output>
        </test-method> <!-- googleHome -->
        <test-method status="PASS" signature="afterTest()[pri:0, instance:com.bikash.google.GoogleHomePage@5f375618]" name="afterTest" is-config="true" duration-ms="1029" started-at="2016-04-19T22:53:18Z" finished-at="2016-04-19T22:53:19Z">
          <reporter-output>
          </reporter-output>
        </test-method> <!-- afterTest -->
      </class> <!-- com.bikash.google.GoogleHomePage -->
    </test> <!-- Default test -->
  </suite> <!-- Default suite -->
</testng-results>
