<?xml version="1.0" encoding="UTF-8"?>
<testng-results skipped="0" failed="0" total="1" passed="1">
  <reporter-output>
  </reporter-output>
  <suite name="Default suite" duration-ms="21470" started-at="2016-04-19T02:40:26Z" finished-at="2016-04-19T02:40:47Z">
    <groups>
    </groups>
    <test name="Default test" duration-ms="21470" started-at="2016-04-19T02:40:26Z" finished-at="2016-04-19T02:40:47Z">
      <class name="com.bikash.google.GoogleHomePage">
        <test-method status="PASS" signature="beforeTest()[pri:0, instance:com.bikash.google.GoogleHomePage@5f375618]" name="beforeTest" is-config="true" duration-ms="14554" started-at="2016-04-19T12:40:26Z" finished-at="2016-04-19T12:40:40Z">
          <reporter-output>
          </reporter-output>
        </test-method> <!-- beforeTest -->
        <test-method status="PASS" signature="googleHome()[pri:0, instance:com.bikash.google.GoogleHomePage@5f375618]" name="googleHome" duration-ms="5146" started-at="2016-04-19T12:40:40Z" finished-at="2016-04-19T12:40:45Z">
          <reporter-output>
          </reporter-output>
        </test-method> <!-- googleHome -->
        <test-method status="PASS" signature="afterTest()[pri:0, instance:com.bikash.google.GoogleHomePage@5f375618]" name="afterTest" is-config="true" duration-ms="1742" started-at="2016-04-19T12:40:45Z" finished-at="2016-04-19T12:40:47Z">
          <reporter-output>
          </reporter-output>
        </test-method> <!-- afterTest -->
      </class> <!-- com.bikash.google.GoogleHomePage -->
    </test> <!-- Default test -->
  </suite> <!-- Default suite -->
</testng-results>
